Microsoft Windows [Version 10.0.18363.900]
(c) 2019 Microsoft Corporation. All rights reserved.

C:\Users\LenovoPC\Downloads>student-02-a7efd3907fb8@104.198.238.53
'student-02-a7efd3907fb8@104.198.238.53' is not recognized as an internal or external command,
operable program or batch file.

C:\Users\LenovoPC\Downloads>ssh -i qwikLABS-L629-16322952.pem student-02-a7efd3907fb8@104.198.238.53
The authenticity of host '104.198.238.53 (104.198.238.53)' can't be established.
ECDSA key fingerprint is SHA256:BLhYEJk47TrsN/bmzWzi/TMUDTnqpt7ddBD6R0DW6og.
Are you sure you want to continue connecting (yes/no)? yes
Warning: Permanently added '104.198.238.53' (ECDSA) to the list of known hosts.
Linux linux-instance 4.9.0-12-amd64 #1 SMP Debian 4.9.210-1+deb9u1 (2020-06-07) x86_64

The programs included with the Debian GNU/Linux system are free software;
the exact distribution terms for each program are described in the
individual files in /usr/share/doc/*/copyright.

Debian GNU/Linux comes with ABSOLUTELY NO WARRANTY, to the extent
permitted by applicable law.
student-02-a7efd3907fb8@linux-instance:~$ openssl genrsa -out private_key.pem 2048
Generating RSA private key, 2048 bit long modulus
..................+++++
..............+++++
e is 65537 (0x010001)
student-02-a7efd3907fb8@linux-instance:~$ cat private_key.pem
-----BEGIN RSA PRIVATE KEY-----
MIIEowIBAAKCAQEA2Pp+h2J68KZPBFl794JxjOP66rwZaGxHMx+887/MJOJDU1Y5
azYpOR8YtMZrSXwLIrE5n6UezcpzAvu9wSLaOf4isYFTPFO4zJbOfz4f/2GIQX1z
WmDQc6KZqkCuoGFGlJc+zBz894DcdqfZiHCA7939PaXnbraD1ccGvagef35fMRR2
CZbEirgwOZYiIBIz0l1y2VI7tkQ7TAPdG7W1TZlHBl2RnyxhP0DgziytQYek9ZRn
+rz2DTB/xXor7GG7Xx+dLvFEvGhleU2y22rbqlDA/btKb0+dCjnbDR3e/2Y65Ma4
1Tq3e+2bqd2uh2m4Au75AJ3wfe3fvNB+btcuCwIDAQABAoIBAHu2v6QDw6MowA7z
0pn6FzJE3tEuNLJ0YlhE9WBpcEVreQWwOQbnF7QJBfY02AFLJ7I9KGTdKeYeU1tV
HAleDN1aCH/7A/F2rvx/0/d6/ZWID79/fuD+KHx2LnWDcc3iCPM6FUUeFiIsqAdD
huWjd/DMOtMGoCFhEWQ3maFTlSgNYVWV7AySEpydmqDh8CFhLnuZEheK+oiyRkhP
JDiogfbWU53qEI8pkxjF4BxAtTj8HOA9r8QwcgYuvw1ZLvEUNp04KwPfjHzMDOTU
ERnvDRbIHTK9sgwXRowttqvsBDu8XN2CllJBtwkSC78EUW90RKDQj3evytSYxNMM
3bphUGECgYEA/UxCZgSSks6aYZnPRNDlcojyPAJzsmrMJ7tseJEClDY9D/ztiVOg
Q7giWOZvjc0m1+HEQOexo4/lCC0S4F9qjL/bIn86RT2aQsBel9vkiPNlbSjqHspr
GNYpEgIAON8ygfOzZpu0XTsew1P2m1Nb/ty6mfTj9SgCPofV+EjJwJECgYEA20sM
hHuNCoIinyaEiIpE5FS7mUURCoUZxeX1Vh1zAb7nyV1uwT/Bgo59uA9N6GxDqHTh
bIKASYtsTV9HTlSRPerZTRfKc8nARztlrrR26ITUmJov7zoXOtAPbEprvfSEJg0Q
vxLrXHXsRy8JY24AR/T/6VgzuEoXcFHYBioBUtsCgYEA0Yb3lfRKWu5UflABSGeU
pX3rAwD0O65kWqmLPOCXRYroUAVlaKeodtwmbWuQ87e0Xff/o8EFDMvHJVBDwR6s
wOkjmBGuXgBrTrRaizv2e+L7D6U8pWPD27OsHZ1SGblnyl+RE1vRgx2YgPM/l5UJ
EHX+VcRhnTYPRTKQKOXtHkECgYBeGVQjvUiGS9VDaanRVVO+jsV5PXPUiczHaKff
7f8drqeTdq5B6nPE7BPyWU7a/yoBLTZV86HM7TDp+oqEiDFS2mWoeR78lIQXjNtT
Hkkv+V+oo/ERvGGfcQxNMZoOBtB164FWHG42XLuox/xFWDxypCT0Ik7/M3vfTJ9f
9cJfpQKBgH0tSiOEJZK3vzCtEco6hhHB5BmB7Ns2IZirDOm/W9p8mY0mtqZnxJ51
I/4IZUGIPmfFJRRCAnH5CQoiEAjbD++ggp0O6tvDSHbQ9BWbVmFgul+YYdzgxqm6
LagvN+AvmhibhEalIdW+gnTG9wFjknqKnh3DeSfnnD2s0il4rpPm
-----END RSA PRIVATE KEY-----
student-02-a7efd3907fb8@linux-instance:~$ openssl rsa -in private_key.pem  -outform PEM -pubout -out public_key.pem
writing RSA key
student-02-a7efd3907fb8@linux-instance:~$ cat public_key.pem
-----BEGIN PUBLIC KEY-----
MIIBIjANBgkqhkiG9w0BAQEFAAOCAQ8AMIIBCgKCAQEA2Pp+h2J68KZPBFl794Jx
jOP66rwZaGxHMx+887/MJOJDU1Y5azYpOR8YtMZrSXwLIrE5n6UezcpzAvu9wSLa
Of4isYFTPFO4zJbOfz4f/2GIQX1zWmDQc6KZqkCuoGFGlJc+zBz894DcdqfZiHCA
7939PaXnbraD1ccGvagef35fMRR2CZbEirgwOZYiIBIz0l1y2VI7tkQ7TAPdG7W1
TZlHBl2RnyxhP0DgziytQYek9ZRn+rz2DTB/xXor7GG7Xx+dLvFEvGhleU2y22rb
qlDA/btKb0+dCjnbDR3e/2Y65Ma41Tq3e+2bqd2uh2m4Au75AJ3wfe3fvNB+btcu
CwIDAQAB
-----END PUBLIC KEY-----
student-02-a7efd3907fb8@linux-instance:~$ echo 'This is a secret message' > secret.txt
student-02-a7efd3907fb8@linux-instance:~$ openssl rsautl -encrypt -pubin -inkey public_key.pem  -in secret.txt -out secret.enc
student-02-a7efd3907fb8@linux-instance:~$ cat secret.enc
student-02-a7efd3907fb8@linux-instance:~$ nstance:~$ openssl rsautl -decrypt -inkey private_key.pem -in secret.enc
rsautl: Use -help for summary.
student-02-a7efd3907fb8@linux-instance:~$ openssl rsautl -decrypt -inkey private_key.pem -in secret.enc
This is a secret message
student-02-a7efd3907fb8@linux-instance:~$ openssl dgst -sha256 -sign private_key.pem -out secret.txt.sha256 secret.txt
student-02-a7efd3907fb8@linux-instance:~$ openssl dgst -verify public_key.pem -signature secret.txt.sha256 secret.txt
Verified OK
student-02-a7efd3907fb8@linux-instance:~$ e